<?xml version="1.0" encoding="UTF-8"?>
<!-- Generated by org.testng.reporters.JUnitReportReporter -->
<testsuite hostname="TDG-MBL-GDL623" name="Academy.HomePage" tests="2" failures="0" timestamp="6 Jun 2019 19:29:29 GMT" time="226.166" errors="0">
  <testcase name="basePageNavigation" time="108.741" classname="Academy.HomePage"/>
  <testcase name="basePageNavigation" time="117.425" classname="Academy.HomePage"/>
</testsuite> <!-- Academy.HomePage -->
