<?xml version="1.0" encoding="UTF-8"?>
<!-- Generated by org.testng.reporters.JUnitReportReporter -->
<testsuite hostname="TDG-MBL-GDL623" name="Academy.validateNavigationBar" tests="1" failures="0" timestamp="27 Jun 2019 20:51:05 GMT" time="0.056" errors="0">
  <testcase name="basePageNavigation" time="0.056" classname="Academy.validateNavigationBar"/>
</testsuite> <!-- Academy.validateNavigationBar -->
