<?xml version="1.0" encoding="UTF-8"?>
<!-- Generated by org.testng.reporters.JUnitReportReporter -->
<testsuite hostname="TDG-MBL-GDL623" name="Academy.HomePage" tests="2" failures="0" timestamp="27 Jun 2019 21:09:29 GMT" time="107.301" errors="0">
  <testcase name="basePageNavigation" time="85.281" classname="Academy.HomePage"/>
  <testcase name="basePageNavigation" time="22.020" classname="Academy.HomePage"/>
</testsuite> <!-- Academy.HomePage -->
