<?xml version="1.0" encoding="UTF-8"?>
<!-- Generated by org.testng.reporters.JUnitReportReporter -->
<testsuite hostname="TDG-MBL-GDL623" name="Academy.validateTittle" tests="1" failures="0" timestamp="27 Jun 2019 21:09:29 GMT" time="0.036" errors="0">
  <testcase name="basePageNavigation" time="0.036" classname="Academy.validateTittle"/>
</testsuite> <!-- Academy.validateTittle -->
